<?xml version="1.0" encoding="UTF-8"?>
<testng-results ignored="0" total="1" passed="1" failed="0" skipped="0">
  <reporter-output>
  </reporter-output>
  <suite started-at="2021-12-08T19:55:38 CET" name="E2E test" finished-at="2021-12-08T19:55:49 CET" duration-ms="10490">
    <groups>
    </groups>
    <test started-at="2021-12-08T19:55:38 CET" name="Registration Test" finished-at="2021-12-08T19:55:49 CET" duration-ms="10490">
      <class name="tests.VerificaTest">
        <test-method is-config="true" signature="startDriver(java.lang.String)[pri:0, instance:tests.VerificaTest@e4487af]" started-at="2021-12-08T19:55:38 CET" name="startDriver" finished-at="2021-12-08T19:55:40 CET" duration-ms="2058" status="PASS">
          <params>
            <param index="0">
              <value>
                <![CDATA[chrome]]>
              </value>
            </param>
          </params>
          <reporter-output>
          </reporter-output>
        </test-method> <!-- startDriver -->
        <test-method signature="UserCanCompleteWorkflowSuccessfully()[pri:1, instance:tests.VerificaTest@e4487af]" started-at="2021-12-08T19:55:40 CET" name="UserCanCompleteWorkflowSuccessfully" finished-at="2021-12-08T19:55:49 CET" duration-ms="8232" status="PASS">
          <reporter-output>
          </reporter-output>
        </test-method> <!-- UserCanCompleteWorkflowSuccessfully -->
        <test-method is-config="true" signature="driverClose()[pri:0, instance:tests.VerificaTest@e4487af]" started-at="2021-12-08T19:55:49 CET" name="driverClose" finished-at="2021-12-08T19:55:49 CET" duration-ms="113" status="PASS">
          <reporter-output>
          </reporter-output>
        </test-method> <!-- driverClose -->
      </class> <!-- tests.VerificaTest -->
    </test> <!-- Registration Test -->
  </suite> <!-- E2E test -->
</testng-results>
